
================================================================================
               Data Movement ISA for Domain Flow Architecture
================================================================================

In Domain Flow Architecture, the program IS the data movement schedule.
The compute fabric is reactive - it executes when data tokens arrive.
The intelligence is in orchestrating optimal data movement patterns
derived from SURE (Space-time Uniform Recurrence Equation) analysis.

This example demonstrates:
  1. Building Data Movement programs with OutputStationaryProgramBuilder
  2. Analyzing generated instruction sequences
  3. Understanding traffic estimates and arithmetic intensity
  4. Comparing different tiling strategies

Note: This ISA-based approach represents how actual programs execute
on the KPU, unlike direct component API calls which are useful for
testing individual hardware blocks.
================================================================================

======================================================================
Example 1: Small MatMul (64x64x64)
======================================================================

This example shows a small matrix multiplication that fits
entirely in L2 cache with minimal tiling.

Program generation time: 214 us

Program: matmul_64x64x64_os
Dataflow: Output-Stationary

Matrix Dimensions:
  C[64,64] = A[64,64] x B[64,64]

Tiling Configuration:
  Tile sizes: Ti=32 Tj=32 Tk=32
  Tile counts: 2 x 2 x 2 = 8 tile iterations
  Output tiles: 4

Instruction Statistics:
  Total instructions: 89
  DMA operations:     20
  BlockMover ops:     16
  Streamer ops:       20
  Sync operations:    32

Traffic Estimates:
  External memory: 0.08 MB
  L3 traffic:      0.06 MB
  L2 traffic:      0.06 MB
  Minimum external: 0.05 MB
  Reuse factor:     1.67x

Performance Metrics:
  Total FLOPs:           0.00 GFLOPs
  Arithmetic intensity:  6.40 FLOPs/byte

Instruction Trace (first 30 instructions):
--------------------------------------------------------------------------------
   PC |                 Operation | Details
--------------------------------------------------------------------------------
    0 | DMA_LOAD A_tile[0,0]      | 4096 bytes
    1 | DMA_LOAD B_tile[0,0]      | 4096 bytes
    2 | BARRIER                   | sync all pending ops
    3 | BM_MOVE A_tile[0,0] L3→L2 | 32x32 elements
    4 | BM_MOVE B_tile[0,0] L3→L2 | 32x32 elements
    5 | BARRIER                   | sync all pending ops
    6 | STR_ROWS A_tile[0,0]      | 32x32 elements
    7 | STR_COLS B_tile[0,0]      | 32x32 elements
    8 | BARRIER                   | sync all pending ops
    9 | DMA_LOAD A_tile[0,1]      | 4096 bytes
   10 | DMA_LOAD B_tile[1,0]      | 4096 bytes
   11 | BARRIER                   | sync all pending ops
   12 | BM_MOVE A_tile[0,1] L3→L2 | 32x32 elements
   13 | BM_MOVE B_tile[1,0] L3→L2 | 32x32 elements
   14 | BARRIER                   | sync all pending ops
   15 | STR_ROWS A_tile[0,1]      | 32x32 elements
   16 | STR_COLS B_tile[1,0]      | 32x32 elements
   17 | BARRIER                   | sync all pending ops
   18 | STR_DRAIN C_tile[0,0]     | 32x32 elements
   19 | BARRIER                   | sync all pending ops
   20 | DMA_STORE C_tile[0,0]     | 4096 bytes
   21 | BARRIER                   | sync all pending ops
   22 | DMA_LOAD A_tile[0,0]      | 4096 bytes
   23 | DMA_LOAD B_tile[0,1]      | 4096 bytes
   24 | BARRIER                   | sync all pending ops
   25 | BM_MOVE A_tile[0,0] L3→L2 | 32x32 elements
   26 | BM_MOVE B_tile[0,1] L3→L2 | 32x32 elements
   27 | BARRIER                   | sync all pending ops
   28 | STR_ROWS A_tile[0,0]      | 32x32 elements
   29 | STR_COLS B_tile[0,1]      | 32x32 elements
... (59 more instructions)
--------------------------------------------------------------------------------

Program validation: PASSED

======================================================================
Example 2: Large MatMul with Double Buffering (512x512x512)
======================================================================

This example shows a larger matrix multiplication using
double buffering to overlap data movement with computation.
Double buffering allows loading the next tile while computing
the current one, hiding memory latency.

Program generation time: 2518 us

Program: matmul_512x512x512_os
Dataflow: Output-Stationary

Matrix Dimensions:
  C[512,512] = A[512,512] x B[512,512]

Tiling Configuration:
  Tile sizes: Ti=64 Tj=64 Tk=64
  Tile counts: 8 x 8 x 8 = 512 tile iterations
  Output tiles: 64

Instruction Statistics:
  Total instructions: 4865
  DMA operations:     1088
  BlockMover ops:     1024
  Streamer ops:       1088
  Sync operations:    1664

Traffic Estimates:
  External memory: 17.00 MB
  L3 traffic:      16.00 MB
  L2 traffic:      16.00 MB
  Minimum external: 3.00 MB
  Reuse factor:     5.67x

Performance Metrics:
  Total FLOPs:           0.27 GFLOPs
  Arithmetic intensity:  15.06 FLOPs/byte

======================================================================
Example 3: Tile Size Impact Analysis
======================================================================

This example compares how different tile sizes affect
the generated program and traffic estimates.
Larger tiles reduce instruction count but increase memory
pressure, while smaller tiles have more overhead but fit
better in cache.

Matrix: C[256,256] = A[256,256] x B[256,256]

------------------------------------------------------------------------------------------
Configuration            InstructionsExt Traffic    Arith Intens   Gen Time
   ------------------------------------------------------------------------------------------
Small tiles (32x32x32)           4865        4.25 MB        7.53 F/B      1388 us
Medium tiles (64x64x64)           641        2.25 MB       14.22 F/B       147 us
Large tiles (128x128x128)          89        1.25 MB       25.60 F/B        17 us
Wide K tiles (64x64x128)          353        2.25 MB       14.22 F/B        62 us
------------------------------------------------------------------------------------------

======================================================================
Example 4: Concurrent Resource Execution
======================================================================

The KPU has multiple hardware resources that execute CONCURRENTLY:
  - Multiple DMA engines (one per memory channel)
  - Multiple BlockMovers (L3 -> L2)
  - Multiple Streamers (L2 -> L1)
  - Compute fabric (systolic array)

The previous sequential instruction trace is misleading because it doesn't
show the true parallelism. This example uses the ConcurrentExecutor to
schedule operations onto resources and visualize their occupancy over time.

Program: matmul_128x128x128_os
Instructions: 641

Hardware Configuration:

  Clock Domains:
    DMA/L3:     250.00 MHz (4.00 ns/cycle)
    BM/L2:      500.00 MHz (2.00 ns/cycle)
    STR/L1:     500.00 MHz (2.00 ns/cycle)
    Compute:    2000.00 MHz (0.50 ns/cycle)

  Resources:
    DMA engines:   4 @ 16.00 GB/s each (64-byte bus)
    Block movers:  4 @ 32.00 GB/s each (L3→L2)
    Streamers:     4 @ 32.00 GB/s each (L2→L1)

  Aggregate Bandwidth:
    External:   64.00 GB/s (4 ch × 16 GB/s)
    L3→L2:      128.00 GB/s (4 BM × 32 GB/s)
    L2→L1:      128.00 GB/s (4 STR × 32 GB/s)

Execution complete in 14336 cycles

Resource Utilization:
  DMA engines:   16.1%
  Block movers:  14.3%
  Streamers:     16.1%

====================================================================================================
Resource Timeline
====================================================================================================

Clock Domains:
  DMA/L3:     250 MHz (4.0 ns/cycle), 64-byte bus = 16.0 GB/s/channel
  BM/L2:      500 MHz (2.0 ns/cycle), 64-byte bus = 32.0 GB/s/mover
  STR/L1:     500 MHz (2.0 ns/cycle), 64-byte bus = 32.0 GB/s/streamer
  Compute:    2000 MHz (0.50 ns/cycle), 16x16 systolic array

Timeline: 14336 DMA cycles = 57344.0 ns (57.34 µs)
Scale: 1 char = 179.2 cycles = 716.8 ns

DMA Engines (Ext Mem ↔ L3) @ 250 MHz:
DMA[0]       |A A CA A  A A CA A  A A CA A  A A CA A  A A CA A  A A CA A  A A CA A  A A CA A  |
DMA[1]       | A A  A AC A A  A AC A A  A AC A A  A AC A A  A AC A A  A AC A A  A AC A A  A AC|
DMA[2]       |BBBB      BBBB      BBBB      BBBB      BBBB      BBBB      BBBB      BBBB      |
DMA[3]       |     BBBB      BBBB      BBBB      BBBB      BBBB      BBBB      BBBB      BBBB |

Block Movers (L3 ↔ L2) @ 500 MHz:
BM[0]        |A A  A A  A A  A A  A A  A A  A A  A A  A A  A A  A A  A A  A A  A A  A A  A A  |
BM[1]        | A A  A A  A A  A A  A A  A A  A A  A A  A A  A A  A A  A A  A A  A A  A A  A A |
BM[2]        |BBBB      BBBB      BBBB      BBBB      BBBB      BBBB      BBBB      BBBB      |
BM[3]        |     BBBB      BBBB      BBBB      BBBB      BBBB      BBBB      BBBB      BBBB |

Streamers (L2 ↔ L1) @ 500 MHz:
STR[0]       |A A CA A  A A CA A  A A CA A  A A CA A  A A CA A  A A CA A  A A CA A  A A CA A  |
STR[1]       | A A  A AC A A  A AC A A  A AC A A  A AC A A  A AC A A  A AC A A  A AC A A  A AC|
STR[2]       |BBBB      BBBB      BBBB      BBBB      BBBB      BBBB      BBBB      BBBB      |
STR[3]       |     BBBB      BBBB      BBBB      BBBB      BBBB      BBBB      BBBB      BBBB |

Legend: A=Matrix A, B=Matrix B, C=Matrix C, ' '=Idle

================================================================================
Resource Occupancy Summary
================================================================================

Aggregate Bandwidth:
  External (DMA):   ch × 16.0 GB/s = 64.0 GB/s
  L3→L2 (BM):      4 movers × 32.0 GB/s = 128.0 GB/s
  L2→L1 (STR):     4 streamers × 32.0 GB/s = 128.0 GB/s

Resource        Busy Cycles  Operations    Utilization
------------------------------------------------------
DMA[0]                 2560          40          17.9%
DMA[1]                 2560          40          17.9%
DMA[2]                 2048          32          14.3%
DMA[3]                 2048          32          14.3%
  DMA Total            9216         144          16.1%

BM[0]                  2048          32          14.3%
BM[1]                  2048          32          14.3%
BM[2]                  2048          32          14.3%
BM[3]                  2048          32          14.3%
  BM Total             8192         128          14.3%

STR[0]                 2560          40          17.9%
STR[1]                 2560          40          17.9%
STR[2]                 2048          32          14.3%
STR[3]                 2048          32          14.3%
  STR Total            9216         144          16.1%

------------------------------------------------------
Total execution: 14336 DMA cycles = 57344.0 ns (57.34 µs)
DMA cycle time: 4.0 ns (@ 250 MHz)

Detailed cycle-by-cycle view (first iteration pipeline):

========================================================================================================================
Cycle-by-Cycle View (DMA cycles 0-500 = 0-2000 ns)
DMA @ 250 MHz, BM/STR @ 500 MHz, Compute @ 2000 MHz
========================================================================================================================

   Cycle | DMA0 | DMA1 | DMA2 | DMA3 | BM0  | BM1  | BM2  | BM3  | STR0 | STR1 | STR2 | STR3 |
----------------------------------------------------------------------------------------------
       0 |  A   |  -   |  B   |  -   |  -   |  -   |  -   |  -   |  -  |  -  |  -  |  -  |
       1 |  A   |  -   |  B   |  -   |  -   |  -   |  -   |  -   |  -  |  -  |  -  |  -  |
       2 |  A   |  -   |  B   |  -   |  -   |  -   |  -   |  -   |  -  |  -  |  -  |  -  |
       3 |  A   |  -   |  B   |  -   |  -   |  -   |  -   |  -   |  -  |  -  |  -  |  -  |
       4 |  A   |  -   |  B   |  -   |  -   |  -   |  -   |  -   |  -  |  -  |  -  |  -  |
       5 |  A   |  -   |  B   |  -   |  -   |  -   |  -   |  -   |  -  |  -  |  -  |  -  |
       6 |  A   |  -   |  B   |  -   |  -   |  -   |  -   |  -   |  -  |  -  |  -  |  -  |
       7 |  A   |  -   |  B   |  -   |  -   |  -   |  -   |  -   |  -  |  -  |  -  |  -  |
       8 |  A   |  -   |  B   |  -   |  -   |  -   |  -   |  -   |  -  |  -  |  -  |  -  |
       9 |  A   |  -   |  B   |  -   |  -   |  -   |  -   |  -   |  -  |  -  |  -  |  -  |
      10 |  A   |  -   |  B   |  -   |  -   |  -   |  -   |  -   |  -  |  -  |  -  |  -  |
      11 |  A   |  -   |  B   |  -   |  -   |  -   |  -   |  -   |  -  |  -  |  -  |  -  |
      12 |  A   |  -   |  B   |  -   |  -   |  -   |  -   |  -   |  -  |  -  |  -  |  -  |
      13 |  A   |  -   |  B   |  -   |  -   |  -   |  -   |  -   |  -  |  -  |  -  |  -  |
      14 |  A   |  -   |  B   |  -   |  -   |  -   |  -   |  -   |  -  |  -  |  -  |  -  |
      15 |  A   |  -   |  B   |  -   |  -   |  -   |  -   |  -   |  -  |  -  |  -  |  -  |
      16 |  A   |  -   |  B   |  -   |  -   |  -   |  -   |  -   |  -  |  -  |  -  |  -  |
      17 |  A   |  -   |  B   |  -   |  -   |  -   |  -   |  -   |  -  |  -  |  -  |  -  |
      18 |  A   |  -   |  B   |  -   |  -   |  -   |  -   |  -   |  -  |  -  |  -  |  -  |
      19 |  A   |  -   |  B   |  -   |  -   |  -   |  -   |  -   |  -  |  -  |  -  |  -  |
      20 |  A   |  -   |  B   |  -   |  -   |  -   |  -   |  -   |  -  |  -  |  -  |  -  |
      21 |  A   |  -   |  B   |  -   |  -   |  -   |  -   |  -   |  -  |  -  |  -  |  -  |
      22 |  A   |  -   |  B   |  -   |  -   |  -   |  -   |  -   |  -  |  -  |  -  |  -  |
      23 |  A   |  -   |  B   |  -   |  -   |  -   |  -   |  -   |  -  |  -  |  -  |  -  |
      24 |  A   |  -   |  B   |  -   |  -   |  -   |  -   |  -   |  -  |  -  |  -  |  -  |
      25 |  A   |  -   |  B   |  -   |  -   |  -   |  -   |  -   |  -  |  -  |  -  |  -  |
      26 |  A   |  -   |  B   |  -   |  -   |  -   |  -   |  -   |  -  |  -  |  -  |  -  |
      27 |  A   |  -   |  B   |  -   |  -   |  -   |  -   |  -   |  -  |  -  |  -  |  -  |
      28 |  A   |  -   |  B   |  -   |  -   |  -   |  -   |  -   |  -  |  -  |  -  |  -  |
      29 |  A   |  -   |  B   |  -   |  -   |  -   |  -   |  -   |  -  |  -  |  -  |  -  |
      30 |  A   |  -   |  B   |  -   |  -   |  -   |  -   |  -   |  -  |  -  |  -  |  -  |
      31 |  A   |  -   |  B   |  -   |  -   |  -   |  -   |  -   |  -  |  -  |  -  |  -  |
      32 |  A   |  -   |  B   |  -   |  -   |  -   |  -   |  -   |  -  |  -  |  -  |  -  |
      33 |  A   |  -   |  B   |  -   |  -   |  -   |  -   |  -   |  -  |  -  |  -  |  -  |
      34 |  A   |  -   |  B   |  -   |  -   |  -   |  -   |  -   |  -  |  -  |  -  |  -  |
      35 |  A   |  -   |  B   |  -   |  -   |  -   |  -   |  -   |  -  |  -  |  -  |  -  |
      36 |  A   |  -   |  B   |  -   |  -   |  -   |  -   |  -   |  -  |  -  |  -  |  -  |
      37 |  A   |  -   |  B   |  -   |  -   |  -   |  -   |  -   |  -  |  -  |  -  |  -  |
      38 |  A   |  -   |  B   |  -   |  -   |  -   |  -   |  -   |  -  |  -  |  -  |  -  |
      39 |  A   |  -   |  B   |  -   |  -   |  -   |  -   |  -   |  -  |  -  |  -  |  -  |
      40 |  A   |  -   |  B   |  -   |  -   |  -   |  -   |  -   |  -  |  -  |  -  |  -  |
      41 |  A   |  -   |  B   |  -   |  -   |  -   |  -   |  -   |  -  |  -  |  -  |  -  |
      42 |  A   |  -   |  B   |  -   |  -   |  -   |  -   |  -   |  -  |  -  |  -  |  -  |
      43 |  A   |  -   |  B   |  -   |  -   |  -   |  -   |  -   |  -  |  -  |  -  |  -  |
      44 |  A   |  -   |  B   |  -   |  -   |  -   |  -   |  -   |  -  |  -  |  -  |  -  |
      45 |  A   |  -   |  B   |  -   |  -   |  -   |  -   |  -   |  -  |  -  |  -  |  -  |
      46 |  A   |  -   |  B   |  -   |  -   |  -   |  -   |  -   |  -  |  -  |  -  |  -  |
      47 |  A   |  -   |  B   |  -   |  -   |  -   |  -   |  -   |  -  |  -  |  -  |  -  |
      48 |  A   |  -   |  B   |  -   |  -   |  -   |  -   |  -   |  -  |  -  |  -  |  -  |
      49 |  A   |  -   |  B   |  -   |  -   |  -   |  -   |  -   |  -  |  -  |  -  |  -  |
      50 |  A   |  -   |  B   |  -   |  -   |  -   |  -   |  -   |  -  |  -  |  -  |  -  |
      51 |  A   |  -   |  B   |  -   |  -   |  -   |  -   |  -   |  -  |  -  |  -  |  -  |
      52 |  A   |  -   |  B   |  -   |  -   |  -   |  -   |  -   |  -  |  -  |  -  |  -  |
      53 |  A   |  -   |  B   |  -   |  -   |  -   |  -   |  -   |  -  |  -  |  -  |  -  |
      54 |  A   |  -   |  B   |  -   |  -   |  -   |  -   |  -   |  -  |  -  |  -  |  -  |
      55 |  A   |  -   |  B   |  -   |  -   |  -   |  -   |  -   |  -  |  -  |  -  |  -  |
      56 |  A   |  -   |  B   |  -   |  -   |  -   |  -   |  -   |  -  |  -  |  -  |  -  |
      57 |  A   |  -   |  B   |  -   |  -   |  -   |  -   |  -   |  -  |  -  |  -  |  -  |
      58 |  A   |  -   |  B   |  -   |  -   |  -   |  -   |  -   |  -  |  -  |  -  |  -  |
      59 |  A   |  -   |  B   |  -   |  -   |  -   |  -   |  -   |  -  |  -  |  -  |  -  |
      60 |  A   |  -   |  B   |  -   |  -   |  -   |  -   |  -   |  -  |  -  |  -  |  -  |
      61 |  A   |  -   |  B   |  -   |  -   |  -   |  -   |  -   |  -  |  -  |  -  |  -  |
      62 |  A   |  -   |  B   |  -   |  -   |  -   |  -   |  -   |  -  |  -  |  -  |  -  |
      63 |  A   |  -   |  B   |  -   |  -   |  -   |  -   |  -   |  -  |  -  |  -  |  -  |
      64 |  -   |  -   |  -   |  -   |  A   |  -   |  B   |  -   |  -  |  -  |  -  |  -  |
      65 |  -   |  -   |  -   |  -   |  A   |  -   |  B   |  -   |  -  |  -  |  -  |  -  |
      66 |  -   |  -   |  -   |  -   |  A   |  -   |  B   |  -   |  -  |  -  |  -  |  -  |
      67 |  -   |  -   |  -   |  -   |  A   |  -   |  B   |  -   |  -  |  -  |  -  |  -  |
      68 |  -   |  -   |  -   |  -   |  A   |  -   |  B   |  -   |  -  |  -  |  -  |  -  |
      69 |  -   |  -   |  -   |  -   |  A   |  -   |  B   |  -   |  -  |  -  |  -  |  -  |
      70 |  -   |  -   |  -   |  -   |  A   |  -   |  B   |  -   |  -  |  -  |  -  |  -  |
      71 |  -   |  -   |  -   |  -   |  A   |  -   |  B   |  -   |  -  |  -  |  -  |  -  |
      72 |  -   |  -   |  -   |  -   |  A   |  -   |  B   |  -   |  -  |  -  |  -  |  -  |
      73 |  -   |  -   |  -   |  -   |  A   |  -   |  B   |  -   |  -  |  -  |  -  |  -  |
      74 |  -   |  -   |  -   |  -   |  A   |  -   |  B   |  -   |  -  |  -  |  -  |  -  |
      75 |  -   |  -   |  -   |  -   |  A   |  -   |  B   |  -   |  -  |  -  |  -  |  -  |
      76 |  -   |  -   |  -   |  -   |  A   |  -   |  B   |  -   |  -  |  -  |  -  |  -  |
      77 |  -   |  -   |  -   |  -   |  A   |  -   |  B   |  -   |  -  |  -  |  -  |  -  |
      78 |  -   |  -   |  -   |  -   |  A   |  -   |  B   |  -   |  -  |  -  |  -  |  -  |
      79 |  -   |  -   |  -   |  -   |  A   |  -   |  B   |  -   |  -  |  -  |  -  |  -  |
      80 |  -   |  -   |  -   |  -   |  A   |  -   |  B   |  -   |  -  |  -  |  -  |  -  |
      81 |  -   |  -   |  -   |  -   |  A   |  -   |  B   |  -   |  -  |  -  |  -  |  -  |
      82 |  -   |  -   |  -   |  -   |  A   |  -   |  B   |  -   |  -  |  -  |  -  |  -  |
      83 |  -   |  -   |  -   |  -   |  A   |  -   |  B   |  -   |  -  |  -  |  -  |  -  |
      84 |  -   |  -   |  -   |  -   |  A   |  -   |  B   |  -   |  -  |  -  |  -  |  -  |
      85 |  -   |  -   |  -   |  -   |  A   |  -   |  B   |  -   |  -  |  -  |  -  |  -  |
      86 |  -   |  -   |  -   |  -   |  A   |  -   |  B   |  -   |  -  |  -  |  -  |  -  |
      87 |  -   |  -   |  -   |  -   |  A   |  -   |  B   |  -   |  -  |  -  |  -  |  -  |
      88 |  -   |  -   |  -   |  -   |  A   |  -   |  B   |  -   |  -  |  -  |  -  |  -  |
      89 |  -   |  -   |  -   |  -   |  A   |  -   |  B   |  -   |  -  |  -  |  -  |  -  |
      90 |  -   |  -   |  -   |  -   |  A   |  -   |  B   |  -   |  -  |  -  |  -  |  -  |
      91 |  -   |  -   |  -   |  -   |  A   |  -   |  B   |  -   |  -  |  -  |  -  |  -  |
      92 |  -   |  -   |  -   |  -   |  A   |  -   |  B   |  -   |  -  |  -  |  -  |  -  |
      93 |  -   |  -   |  -   |  -   |  A   |  -   |  B   |  -   |  -  |  -  |  -  |  -  |
      94 |  -   |  -   |  -   |  -   |  A   |  -   |  B   |  -   |  -  |  -  |  -  |  -  |
      95 |  -   |  -   |  -   |  -   |  A   |  -   |  B   |  -   |  -  |  -  |  -  |  -  |
      96 |  -   |  -   |  -   |  -   |  A   |  -   |  B   |  -   |  -  |  -  |  -  |  -  |
      97 |  -   |  -   |  -   |  -   |  A   |  -   |  B   |  -   |  -  |  -  |  -  |  -  |
      98 |  -   |  -   |  -   |  -   |  A   |  -   |  B   |  -   |  -  |  -  |  -  |  -  |
      99 |  -   |  -   |  -   |  -   |  A   |  -   |  B   |  -   |  -  |  -  |  -  |  -  |
     100 |  -   |  -   |  -   |  -   |  A   |  -   |  B   |  -   |  -  |  -  |  -  |  -  |
     101 |  -   |  -   |  -   |  -   |  A   |  -   |  B   |  -   |  -  |  -  |  -  |  -  |
     102 |  -   |  -   |  -   |  -   |  A   |  -   |  B   |  -   |  -  |  -  |  -  |  -  |
     103 |  -   |  -   |  -   |  -   |  A   |  -   |  B   |  -   |  -  |  -  |  -  |  -  |
     104 |  -   |  -   |  -   |  -   |  A   |  -   |  B   |  -   |  -  |  -  |  -  |  -  |
     105 |  -   |  -   |  -   |  -   |  A   |  -   |  B   |  -   |  -  |  -  |  -  |  -  |
     106 |  -   |  -   |  -   |  -   |  A   |  -   |  B   |  -   |  -  |  -  |  -  |  -  |
     107 |  -   |  -   |  -   |  -   |  A   |  -   |  B   |  -   |  -  |  -  |  -  |  -  |
     108 |  -   |  -   |  -   |  -   |  A   |  -   |  B   |  -   |  -  |  -  |  -  |  -  |
     109 |  -   |  -   |  -   |  -   |  A   |  -   |  B   |  -   |  -  |  -  |  -  |  -  |
     110 |  -   |  -   |  -   |  -   |  A   |  -   |  B   |  -   |  -  |  -  |  -  |  -  |
     111 |  -   |  -   |  -   |  -   |  A   |  -   |  B   |  -   |  -  |  -  |  -  |  -  |
     112 |  -   |  -   |  -   |  -   |  A   |  -   |  B   |  -   |  -  |  -  |  -  |  -  |
     113 |  -   |  -   |  -   |  -   |  A   |  -   |  B   |  -   |  -  |  -  |  -  |  -  |
     114 |  -   |  -   |  -   |  -   |  A   |  -   |  B   |  -   |  -  |  -  |  -  |  -  |
     115 |  -   |  -   |  -   |  -   |  A   |  -   |  B   |  -   |  -  |  -  |  -  |  -  |
     116 |  -   |  -   |  -   |  -   |  A   |  -   |  B   |  -   |  -  |  -  |  -  |  -  |
     117 |  -   |  -   |  -   |  -   |  A   |  -   |  B   |  -   |  -  |  -  |  -  |  -  |
     118 |  -   |  -   |  -   |  -   |  A   |  -   |  B   |  -   |  -  |  -  |  -  |  -  |
     119 |  -   |  -   |  -   |  -   |  A   |  -   |  B   |  -   |  -  |  -  |  -  |  -  |
     120 |  -   |  -   |  -   |  -   |  A   |  -   |  B   |  -   |  -  |  -  |  -  |  -  |
     121 |  -   |  -   |  -   |  -   |  A   |  -   |  B   |  -   |  -  |  -  |  -  |  -  |
     122 |  -   |  -   |  -   |  -   |  A   |  -   |  B   |  -   |  -  |  -  |  -  |  -  |
     123 |  -   |  -   |  -   |  -   |  A   |  -   |  B   |  -   |  -  |  -  |  -  |  -  |
     124 |  -   |  -   |  -   |  -   |  A   |  -   |  B   |  -   |  -  |  -  |  -  |  -  |
     125 |  -   |  -   |  -   |  -   |  A   |  -   |  B   |  -   |  -  |  -  |  -  |  -  |
     126 |  -   |  -   |  -   |  -   |  A   |  -   |  B   |  -   |  -  |  -  |  -  |  -  |
     127 |  -   |  -   |  -   |  -   |  A   |  -   |  B   |  -   |  -  |  -  |  -  |  -  |
     128 |  -   |  -   |  -   |  -   |  -   |  -   |  -   |  -   |  A  |  -  |  B  |  -  |
     129 |  -   |  -   |  -   |  -   |  -   |  -   |  -   |  -   |  A  |  -  |  B  |  -  |
     130 |  -   |  -   |  -   |  -   |  -   |  -   |  -   |  -   |  A  |  -  |  B  |  -  |
     131 |  -   |  -   |  -   |  -   |  -   |  -   |  -   |  -   |  A  |  -  |  B  |  -  |
     132 |  -   |  -   |  -   |  -   |  -   |  -   |  -   |  -   |  A  |  -  |  B  |  -  |
     133 |  -   |  -   |  -   |  -   |  -   |  -   |  -   |  -   |  A  |  -  |  B  |  -  |
     134 |  -   |  -   |  -   |  -   |  -   |  -   |  -   |  -   |  A  |  -  |  B  |  -  |
     135 |  -   |  -   |  -   |  -   |  -   |  -   |  -   |  -   |  A  |  -  |  B  |  -  |
     136 |  -   |  -   |  -   |  -   |  -   |  -   |  -   |  -   |  A  |  -  |  B  |  -  |
     137 |  -   |  -   |  -   |  -   |  -   |  -   |  -   |  -   |  A  |  -  |  B  |  -  |
     138 |  -   |  -   |  -   |  -   |  -   |  -   |  -   |  -   |  A  |  -  |  B  |  -  |
     139 |  -   |  -   |  -   |  -   |  -   |  -   |  -   |  -   |  A  |  -  |  B  |  -  |
     140 |  -   |  -   |  -   |  -   |  -   |  -   |  -   |  -   |  A  |  -  |  B  |  -  |
     141 |  -   |  -   |  -   |  -   |  -   |  -   |  -   |  -   |  A  |  -  |  B  |  -  |
     142 |  -   |  -   |  -   |  -   |  -   |  -   |  -   |  -   |  A  |  -  |  B  |  -  |
     143 |  -   |  -   |  -   |  -   |  -   |  -   |  -   |  -   |  A  |  -  |  B  |  -  |
     144 |  -   |  -   |  -   |  -   |  -   |  -   |  -   |  -   |  A  |  -  |  B  |  -  |
     145 |  -   |  -   |  -   |  -   |  -   |  -   |  -   |  -   |  A  |  -  |  B  |  -  |
     146 |  -   |  -   |  -   |  -   |  -   |  -   |  -   |  -   |  A  |  -  |  B  |  -  |
     147 |  -   |  -   |  -   |  -   |  -   |  -   |  -   |  -   |  A  |  -  |  B  |  -  |
     148 |  -   |  -   |  -   |  -   |  -   |  -   |  -   |  -   |  A  |  -  |  B  |  -  |
     149 |  -   |  -   |  -   |  -   |  -   |  -   |  -   |  -   |  A  |  -  |  B  |  -  |
     150 |  -   |  -   |  -   |  -   |  -   |  -   |  -   |  -   |  A  |  -  |  B  |  -  |
     151 |  -   |  -   |  -   |  -   |  -   |  -   |  -   |  -   |  A  |  -  |  B  |  -  |
     152 |  -   |  -   |  -   |  -   |  -   |  -   |  -   |  -   |  A  |  -  |  B  |  -  |
     153 |  -   |  -   |  -   |  -   |  -   |  -   |  -   |  -   |  A  |  -  |  B  |  -  |
     154 |  -   |  -   |  -   |  -   |  -   |  -   |  -   |  -   |  A  |  -  |  B  |  -  |
     155 |  -   |  -   |  -   |  -   |  -   |  -   |  -   |  -   |  A  |  -  |  B  |  -  |
     156 |  -   |  -   |  -   |  -   |  -   |  -   |  -   |  -   |  A  |  -  |  B  |  -  |
     157 |  -   |  -   |  -   |  -   |  -   |  -   |  -   |  -   |  A  |  -  |  B  |  -  |
     158 |  -   |  -   |  -   |  -   |  -   |  -   |  -   |  -   |  A  |  -  |  B  |  -  |
     159 |  -   |  -   |  -   |  -   |  -   |  -   |  -   |  -   |  A  |  -  |  B  |  -  |
     160 |  -   |  -   |  -   |  -   |  -   |  -   |  -   |  -   |  A  |  -  |  B  |  -  |
     161 |  -   |  -   |  -   |  -   |  -   |  -   |  -   |  -   |  A  |  -  |  B  |  -  |
     162 |  -   |  -   |  -   |  -   |  -   |  -   |  -   |  -   |  A  |  -  |  B  |  -  |
     163 |  -   |  -   |  -   |  -   |  -   |  -   |  -   |  -   |  A  |  -  |  B  |  -  |
     164 |  -   |  -   |  -   |  -   |  -   |  -   |  -   |  -   |  A  |  -  |  B  |  -  |
     165 |  -   |  -   |  -   |  -   |  -   |  -   |  -   |  -   |  A  |  -  |  B  |  -  |
     166 |  -   |  -   |  -   |  -   |  -   |  -   |  -   |  -   |  A  |  -  |  B  |  -  |
     167 |  -   |  -   |  -   |  -   |  -   |  -   |  -   |  -   |  A  |  -  |  B  |  -  |
     168 |  -   |  -   |  -   |  -   |  -   |  -   |  -   |  -   |  A  |  -  |  B  |  -  |
     169 |  -   |  -   |  -   |  -   |  -   |  -   |  -   |  -   |  A  |  -  |  B  |  -  |
     170 |  -   |  -   |  -   |  -   |  -   |  -   |  -   |  -   |  A  |  -  |  B  |  -  |
     171 |  -   |  -   |  -   |  -   |  -   |  -   |  -   |  -   |  A  |  -  |  B  |  -  |
     172 |  -   |  -   |  -   |  -   |  -   |  -   |  -   |  -   |  A  |  -  |  B  |  -  |
     173 |  -   |  -   |  -   |  -   |  -   |  -   |  -   |  -   |  A  |  -  |  B  |  -  |
     174 |  -   |  -   |  -   |  -   |  -   |  -   |  -   |  -   |  A  |  -  |  B  |  -  |
     175 |  -   |  -   |  -   |  -   |  -   |  -   |  -   |  -   |  A  |  -  |  B  |  -  |
     176 |  -   |  -   |  -   |  -   |  -   |  -   |  -   |  -   |  A  |  -  |  B  |  -  |
     177 |  -   |  -   |  -   |  -   |  -   |  -   |  -   |  -   |  A  |  -  |  B  |  -  |
     178 |  -   |  -   |  -   |  -   |  -   |  -   |  -   |  -   |  A  |  -  |  B  |  -  |
     179 |  -   |  -   |  -   |  -   |  -   |  -   |  -   |  -   |  A  |  -  |  B  |  -  |
     180 |  -   |  -   |  -   |  -   |  -   |  -   |  -   |  -   |  A  |  -  |  B  |  -  |
     181 |  -   |  -   |  -   |  -   |  -   |  -   |  -   |  -   |  A  |  -  |  B  |  -  |
     182 |  -   |  -   |  -   |  -   |  -   |  -   |  -   |  -   |  A  |  -  |  B  |  -  |
     183 |  -   |  -   |  -   |  -   |  -   |  -   |  -   |  -   |  A  |  -  |  B  |  -  |
     184 |  -   |  -   |  -   |  -   |  -   |  -   |  -   |  -   |  A  |  -  |  B  |  -  |
     185 |  -   |  -   |  -   |  -   |  -   |  -   |  -   |  -   |  A  |  -  |  B  |  -  |
     186 |  -   |  -   |  -   |  -   |  -   |  -   |  -   |  -   |  A  |  -  |  B  |  -  |
     187 |  -   |  -   |  -   |  -   |  -   |  -   |  -   |  -   |  A  |  -  |  B  |  -  |
     188 |  -   |  -   |  -   |  -   |  -   |  -   |  -   |  -   |  A  |  -  |  B  |  -  |
     189 |  -   |  -   |  -   |  -   |  -   |  -   |  -   |  -   |  A  |  -  |  B  |  -  |
     190 |  -   |  -   |  -   |  -   |  -   |  -   |  -   |  -   |  A  |  -  |  B  |  -  |
     191 |  -   |  -   |  -   |  -   |  -   |  -   |  -   |  -   |  A  |  -  |  B  |  -  |
     192 |  -   |  A   |  B   |  -   |  -   |  -   |  -   |  -   |  -  |  -  |  -  |  -  |
     193 |  -   |  A   |  B   |  -   |  -   |  -   |  -   |  -   |  -  |  -  |  -  |  -  |
     194 |  -   |  A   |  B   |  -   |  -   |  -   |  -   |  -   |  -  |  -  |  -  |  -  |
     195 |  -   |  A   |  B   |  -   |  -   |  -   |  -   |  -   |  -  |  -  |  -  |  -  |
     196 |  -   |  A   |  B   |  -   |  -   |  -   |  -   |  -   |  -  |  -  |  -  |  -  |
     197 |  -   |  A   |  B   |  -   |  -   |  -   |  -   |  -   |  -  |  -  |  -  |  -  |
     198 |  -   |  A   |  B   |  -   |  -   |  -   |  -   |  -   |  -  |  -  |  -  |  -  |
     199 |  -   |  A   |  B   |  -   |  -   |  -   |  -   |  -   |  -  |  -  |  -  |  -  |
     200 |  -   |  A   |  B   |  -   |  -   |  -   |  -   |  -   |  -  |  -  |  -  |  -  |
     201 |  -   |  A   |  B   |  -   |  -   |  -   |  -   |  -   |  -  |  -  |  -  |  -  |
     202 |  -   |  A   |  B   |  -   |  -   |  -   |  -   |  -   |  -  |  -  |  -  |  -  |
     203 |  -   |  A   |  B   |  -   |  -   |  -   |  -   |  -   |  -  |  -  |  -  |  -  |
     204 |  -   |  A   |  B   |  -   |  -   |  -   |  -   |  -   |  -  |  -  |  -  |  -  |
     205 |  -   |  A   |  B   |  -   |  -   |  -   |  -   |  -   |  -  |  -  |  -  |  -  |
     206 |  -   |  A   |  B   |  -   |  -   |  -   |  -   |  -   |  -  |  -  |  -  |  -  |
     207 |  -   |  A   |  B   |  -   |  -   |  -   |  -   |  -   |  -  |  -  |  -  |  -  |
     208 |  -   |  A   |  B   |  -   |  -   |  -   |  -   |  -   |  -  |  -  |  -  |  -  |
     209 |  -   |  A   |  B   |  -   |  -   |  -   |  -   |  -   |  -  |  -  |  -  |  -  |
     210 |  -   |  A   |  B   |  -   |  -   |  -   |  -   |  -   |  -  |  -  |  -  |  -  |
     211 |  -   |  A   |  B   |  -   |  -   |  -   |  -   |  -   |  -  |  -  |  -  |  -  |
     212 |  -   |  A   |  B   |  -   |  -   |  -   |  -   |  -   |  -  |  -  |  -  |  -  |
     213 |  -   |  A   |  B   |  -   |  -   |  -   |  -   |  -   |  -  |  -  |  -  |  -  |
     214 |  -   |  A   |  B   |  -   |  -   |  -   |  -   |  -   |  -  |  -  |  -  |  -  |
     215 |  -   |  A   |  B   |  -   |  -   |  -   |  -   |  -   |  -  |  -  |  -  |  -  |
     216 |  -   |  A   |  B   |  -   |  -   |  -   |  -   |  -   |  -  |  -  |  -  |  -  |
     217 |  -   |  A   |  B   |  -   |  -   |  -   |  -   |  -   |  -  |  -  |  -  |  -  |
     218 |  -   |  A   |  B   |  -   |  -   |  -   |  -   |  -   |  -  |  -  |  -  |  -  |
     219 |  -   |  A   |  B   |  -   |  -   |  -   |  -   |  -   |  -  |  -  |  -  |  -  |
     220 |  -   |  A   |  B   |  -   |  -   |  -   |  -   |  -   |  -  |  -  |  -  |  -  |
     221 |  -   |  A   |  B   |  -   |  -   |  -   |  -   |  -   |  -  |  -  |  -  |  -  |
     222 |  -   |  A   |  B   |  -   |  -   |  -   |  -   |  -   |  -  |  -  |  -  |  -  |
     223 |  -   |  A   |  B   |  -   |  -   |  -   |  -   |  -   |  -  |  -  |  -  |  -  |
     224 |  -   |  A   |  B   |  -   |  -   |  -   |  -   |  -   |  -  |  -  |  -  |  -  |
     225 |  -   |  A   |  B   |  -   |  -   |  -   |  -   |  -   |  -  |  -  |  -  |  -  |
     226 |  -   |  A   |  B   |  -   |  -   |  -   |  -   |  -   |  -  |  -  |  -  |  -  |
     227 |  -   |  A   |  B   |  -   |  -   |  -   |  -   |  -   |  -  |  -  |  -  |  -  |
     228 |  -   |  A   |  B   |  -   |  -   |  -   |  -   |  -   |  -  |  -  |  -  |  -  |
     229 |  -   |  A   |  B   |  -   |  -   |  -   |  -   |  -   |  -  |  -  |  -  |  -  |
     230 |  -   |  A   |  B   |  -   |  -   |  -   |  -   |  -   |  -  |  -  |  -  |  -  |
     231 |  -   |  A   |  B   |  -   |  -   |  -   |  -   |  -   |  -  |  -  |  -  |  -  |
     232 |  -   |  A   |  B   |  -   |  -   |  -   |  -   |  -   |  -  |  -  |  -  |  -  |
     233 |  -   |  A   |  B   |  -   |  -   |  -   |  -   |  -   |  -  |  -  |  -  |  -  |
     234 |  -   |  A   |  B   |  -   |  -   |  -   |  -   |  -   |  -  |  -  |  -  |  -  |
     235 |  -   |  A   |  B   |  -   |  -   |  -   |  -   |  -   |  -  |  -  |  -  |  -  |
     236 |  -   |  A   |  B   |  -   |  -   |  -   |  -   |  -   |  -  |  -  |  -  |  -  |
     237 |  -   |  A   |  B   |  -   |  -   |  -   |  -   |  -   |  -  |  -  |  -  |  -  |
     238 |  -   |  A   |  B   |  -   |  -   |  -   |  -   |  -   |  -  |  -  |  -  |  -  |
     239 |  -   |  A   |  B   |  -   |  -   |  -   |  -   |  -   |  -  |  -  |  -  |  -  |
     240 |  -   |  A   |  B   |  -   |  -   |  -   |  -   |  -   |  -  |  -  |  -  |  -  |
     241 |  -   |  A   |  B   |  -   |  -   |  -   |  -   |  -   |  -  |  -  |  -  |  -  |
     242 |  -   |  A   |  B   |  -   |  -   |  -   |  -   |  -   |  -  |  -  |  -  |  -  |
     243 |  -   |  A   |  B   |  -   |  -   |  -   |  -   |  -   |  -  |  -  |  -  |  -  |
     244 |  -   |  A   |  B   |  -   |  -   |  -   |  -   |  -   |  -  |  -  |  -  |  -  |
     245 |  -   |  A   |  B   |  -   |  -   |  -   |  -   |  -   |  -  |  -  |  -  |  -  |
     246 |  -   |  A   |  B   |  -   |  -   |  -   |  -   |  -   |  -  |  -  |  -  |  -  |
     247 |  -   |  A   |  B   |  -   |  -   |  -   |  -   |  -   |  -  |  -  |  -  |  -  |
     248 |  -   |  A   |  B   |  -   |  -   |  -   |  -   |  -   |  -  |  -  |  -  |  -  |
     249 |  -   |  A   |  B   |  -   |  -   |  -   |  -   |  -   |  -  |  -  |  -  |  -  |
     250 |  -   |  A   |  B   |  -   |  -   |  -   |  -   |  -   |  -  |  -  |  -  |  -  |
     251 |  -   |  A   |  B   |  -   |  -   |  -   |  -   |  -   |  -  |  -  |  -  |  -  |
     252 |  -   |  A   |  B   |  -   |  -   |  -   |  -   |  -   |  -  |  -  |  -  |  -  |
     253 |  -   |  A   |  B   |  -   |  -   |  -   |  -   |  -   |  -  |  -  |  -  |  -  |
     254 |  -   |  A   |  B   |  -   |  -   |  -   |  -   |  -   |  -  |  -  |  -  |  -  |
     255 |  -   |  A   |  B   |  -   |  -   |  -   |  -   |  -   |  -  |  -  |  -  |  -  |
     256 |  -   |  -   |  -   |  -   |  -   |  A   |  B   |  -   |  -  |  -  |  -  |  -  |
     257 |  -   |  -   |  -   |  -   |  -   |  A   |  B   |  -   |  -  |  -  |  -  |  -  |
     258 |  -   |  -   |  -   |  -   |  -   |  A   |  B   |  -   |  -  |  -  |  -  |  -  |
     259 |  -   |  -   |  -   |  -   |  -   |  A   |  B   |  -   |  -  |  -  |  -  |  -  |
     260 |  -   |  -   |  -   |  -   |  -   |  A   |  B   |  -   |  -  |  -  |  -  |  -  |
     261 |  -   |  -   |  -   |  -   |  -   |  A   |  B   |  -   |  -  |  -  |  -  |  -  |
     262 |  -   |  -   |  -   |  -   |  -   |  A   |  B   |  -   |  -  |  -  |  -  |  -  |
     263 |  -   |  -   |  -   |  -   |  -   |  A   |  B   |  -   |  -  |  -  |  -  |  -  |
     264 |  -   |  -   |  -   |  -   |  -   |  A   |  B   |  -   |  -  |  -  |  -  |  -  |
     265 |  -   |  -   |  -   |  -   |  -   |  A   |  B   |  -   |  -  |  -  |  -  |  -  |
     266 |  -   |  -   |  -   |  -   |  -   |  A   |  B   |  -   |  -  |  -  |  -  |  -  |
     267 |  -   |  -   |  -   |  -   |  -   |  A   |  B   |  -   |  -  |  -  |  -  |  -  |
     268 |  -   |  -   |  -   |  -   |  -   |  A   |  B   |  -   |  -  |  -  |  -  |  -  |
     269 |  -   |  -   |  -   |  -   |  -   |  A   |  B   |  -   |  -  |  -  |  -  |  -  |
     270 |  -   |  -   |  -   |  -   |  -   |  A   |  B   |  -   |  -  |  -  |  -  |  -  |
     271 |  -   |  -   |  -   |  -   |  -   |  A   |  B   |  -   |  -  |  -  |  -  |  -  |
     272 |  -   |  -   |  -   |  -   |  -   |  A   |  B   |  -   |  -  |  -  |  -  |  -  |
     273 |  -   |  -   |  -   |  -   |  -   |  A   |  B   |  -   |  -  |  -  |  -  |  -  |
     274 |  -   |  -   |  -   |  -   |  -   |  A   |  B   |  -   |  -  |  -  |  -  |  -  |
     275 |  -   |  -   |  -   |  -   |  -   |  A   |  B   |  -   |  -  |  -  |  -  |  -  |
     276 |  -   |  -   |  -   |  -   |  -   |  A   |  B   |  -   |  -  |  -  |  -  |  -  |
     277 |  -   |  -   |  -   |  -   |  -   |  A   |  B   |  -   |  -  |  -  |  -  |  -  |
     278 |  -   |  -   |  -   |  -   |  -   |  A   |  B   |  -   |  -  |  -  |  -  |  -  |
     279 |  -   |  -   |  -   |  -   |  -   |  A   |  B   |  -   |  -  |  -  |  -  |  -  |
     280 |  -   |  -   |  -   |  -   |  -   |  A   |  B   |  -   |  -  |  -  |  -  |  -  |
     281 |  -   |  -   |  -   |  -   |  -   |  A   |  B   |  -   |  -  |  -  |  -  |  -  |
     282 |  -   |  -   |  -   |  -   |  -   |  A   |  B   |  -   |  -  |  -  |  -  |  -  |
     283 |  -   |  -   |  -   |  -   |  -   |  A   |  B   |  -   |  -  |  -  |  -  |  -  |
     284 |  -   |  -   |  -   |  -   |  -   |  A   |  B   |  -   |  -  |  -  |  -  |  -  |
     285 |  -   |  -   |  -   |  -   |  -   |  A   |  B   |  -   |  -  |  -  |  -  |  -  |
     286 |  -   |  -   |  -   |  -   |  -   |  A   |  B   |  -   |  -  |  -  |  -  |  -  |
     287 |  -   |  -   |  -   |  -   |  -   |  A   |  B   |  -   |  -  |  -  |  -  |  -  |
     288 |  -   |  -   |  -   |  -   |  -   |  A   |  B   |  -   |  -  |  -  |  -  |  -  |
     289 |  -   |  -   |  -   |  -   |  -   |  A   |  B   |  -   |  -  |  -  |  -  |  -  |
     290 |  -   |  -   |  -   |  -   |  -   |  A   |  B   |  -   |  -  |  -  |  -  |  -  |
     291 |  -   |  -   |  -   |  -   |  -   |  A   |  B   |  -   |  -  |  -  |  -  |  -  |
     292 |  -   |  -   |  -   |  -   |  -   |  A   |  B   |  -   |  -  |  -  |  -  |  -  |
     293 |  -   |  -   |  -   |  -   |  -   |  A   |  B   |  -   |  -  |  -  |  -  |  -  |
     294 |  -   |  -   |  -   |  -   |  -   |  A   |  B   |  -   |  -  |  -  |  -  |  -  |
     295 |  -   |  -   |  -   |  -   |  -   |  A   |  B   |  -   |  -  |  -  |  -  |  -  |
     296 |  -   |  -   |  -   |  -   |  -   |  A   |  B   |  -   |  -  |  -  |  -  |  -  |
     297 |  -   |  -   |  -   |  -   |  -   |  A   |  B   |  -   |  -  |  -  |  -  |  -  |
     298 |  -   |  -   |  -   |  -   |  -   |  A   |  B   |  -   |  -  |  -  |  -  |  -  |
     299 |  -   |  -   |  -   |  -   |  -   |  A   |  B   |  -   |  -  |  -  |  -  |  -  |
     300 |  -   |  -   |  -   |  -   |  -   |  A   |  B   |  -   |  -  |  -  |  -  |  -  |
     301 |  -   |  -   |  -   |  -   |  -   |  A   |  B   |  -   |  -  |  -  |  -  |  -  |
     302 |  -   |  -   |  -   |  -   |  -   |  A   |  B   |  -   |  -  |  -  |  -  |  -  |
     303 |  -   |  -   |  -   |  -   |  -   |  A   |  B   |  -   |  -  |  -  |  -  |  -  |
     304 |  -   |  -   |  -   |  -   |  -   |  A   |  B   |  -   |  -  |  -  |  -  |  -  |
     305 |  -   |  -   |  -   |  -   |  -   |  A   |  B   |  -   |  -  |  -  |  -  |  -  |
     306 |  -   |  -   |  -   |  -   |  -   |  A   |  B   |  -   |  -  |  -  |  -  |  -  |
     307 |  -   |  -   |  -   |  -   |  -   |  A   |  B   |  -   |  -  |  -  |  -  |  -  |
     308 |  -   |  -   |  -   |  -   |  -   |  A   |  B   |  -   |  -  |  -  |  -  |  -  |
     309 |  -   |  -   |  -   |  -   |  -   |  A   |  B   |  -   |  -  |  -  |  -  |  -  |
     310 |  -   |  -   |  -   |  -   |  -   |  A   |  B   |  -   |  -  |  -  |  -  |  -  |
     311 |  -   |  -   |  -   |  -   |  -   |  A   |  B   |  -   |  -  |  -  |  -  |  -  |
     312 |  -   |  -   |  -   |  -   |  -   |  A   |  B   |  -   |  -  |  -  |  -  |  -  |
     313 |  -   |  -   |  -   |  -   |  -   |  A   |  B   |  -   |  -  |  -  |  -  |  -  |
     314 |  -   |  -   |  -   |  -   |  -   |  A   |  B   |  -   |  -  |  -  |  -  |  -  |
     315 |  -   |  -   |  -   |  -   |  -   |  A   |  B   |  -   |  -  |  -  |  -  |  -  |
     316 |  -   |  -   |  -   |  -   |  -   |  A   |  B   |  -   |  -  |  -  |  -  |  -  |
     317 |  -   |  -   |  -   |  -   |  -   |  A   |  B   |  -   |  -  |  -  |  -  |  -  |
     318 |  -   |  -   |  -   |  -   |  -   |  A   |  B   |  -   |  -  |  -  |  -  |  -  |
     319 |  -   |  -   |  -   |  -   |  -   |  A   |  B   |  -   |  -  |  -  |  -  |  -  |
     320 |  -   |  -   |  -   |  -   |  -   |  -   |  -   |  -   |  -  |  A  |  B  |  -  |
     321 |  -   |  -   |  -   |  -   |  -   |  -   |  -   |  -   |  -  |  A  |  B  |  -  |
     322 |  -   |  -   |  -   |  -   |  -   |  -   |  -   |  -   |  -  |  A  |  B  |  -  |
     323 |  -   |  -   |  -   |  -   |  -   |  -   |  -   |  -   |  -  |  A  |  B  |  -  |
     324 |  -   |  -   |  -   |  -   |  -   |  -   |  -   |  -   |  -  |  A  |  B  |  -  |
     325 |  -   |  -   |  -   |  -   |  -   |  -   |  -   |  -   |  -  |  A  |  B  |  -  |
     326 |  -   |  -   |  -   |  -   |  -   |  -   |  -   |  -   |  -  |  A  |  B  |  -  |
     327 |  -   |  -   |  -   |  -   |  -   |  -   |  -   |  -   |  -  |  A  |  B  |  -  |
     328 |  -   |  -   |  -   |  -   |  -   |  -   |  -   |  -   |  -  |  A  |  B  |  -  |
     329 |  -   |  -   |  -   |  -   |  -   |  -   |  -   |  -   |  -  |  A  |  B  |  -  |
     330 |  -   |  -   |  -   |  -   |  -   |  -   |  -   |  -   |  -  |  A  |  B  |  -  |
     331 |  -   |  -   |  -   |  -   |  -   |  -   |  -   |  -   |  -  |  A  |  B  |  -  |
     332 |  -   |  -   |  -   |  -   |  -   |  -   |  -   |  -   |  -  |  A  |  B  |  -  |
     333 |  -   |  -   |  -   |  -   |  -   |  -   |  -   |  -   |  -  |  A  |  B  |  -  |
     334 |  -   |  -   |  -   |  -   |  -   |  -   |  -   |  -   |  -  |  A  |  B  |  -  |
     335 |  -   |  -   |  -   |  -   |  -   |  -   |  -   |  -   |  -  |  A  |  B  |  -  |
     336 |  -   |  -   |  -   |  -   |  -   |  -   |  -   |  -   |  -  |  A  |  B  |  -  |
     337 |  -   |  -   |  -   |  -   |  -   |  -   |  -   |  -   |  -  |  A  |  B  |  -  |
     338 |  -   |  -   |  -   |  -   |  -   |  -   |  -   |  -   |  -  |  A  |  B  |  -  |
     339 |  -   |  -   |  -   |  -   |  -   |  -   |  -   |  -   |  -  |  A  |  B  |  -  |
     340 |  -   |  -   |  -   |  -   |  -   |  -   |  -   |  -   |  -  |  A  |  B  |  -  |
     341 |  -   |  -   |  -   |  -   |  -   |  -   |  -   |  -   |  -  |  A  |  B  |  -  |
     342 |  -   |  -   |  -   |  -   |  -   |  -   |  -   |  -   |  -  |  A  |  B  |  -  |
     343 |  -   |  -   |  -   |  -   |  -   |  -   |  -   |  -   |  -  |  A  |  B  |  -  |
     344 |  -   |  -   |  -   |  -   |  -   |  -   |  -   |  -   |  -  |  A  |  B  |  -  |
     345 |  -   |  -   |  -   |  -   |  -   |  -   |  -   |  -   |  -  |  A  |  B  |  -  |
     346 |  -   |  -   |  -   |  -   |  -   |  -   |  -   |  -   |  -  |  A  |  B  |  -  |
     347 |  -   |  -   |  -   |  -   |  -   |  -   |  -   |  -   |  -  |  A  |  B  |  -  |
     348 |  -   |  -   |  -   |  -   |  -   |  -   |  -   |  -   |  -  |  A  |  B  |  -  |
     349 |  -   |  -   |  -   |  -   |  -   |  -   |  -   |  -   |  -  |  A  |  B  |  -  |
     350 |  -   |  -   |  -   |  -   |  -   |  -   |  -   |  -   |  -  |  A  |  B  |  -  |
     351 |  -   |  -   |  -   |  -   |  -   |  -   |  -   |  -   |  -  |  A  |  B  |  -  |
     352 |  -   |  -   |  -   |  -   |  -   |  -   |  -   |  -   |  -  |  A  |  B  |  -  |
     353 |  -   |  -   |  -   |  -   |  -   |  -   |  -   |  -   |  -  |  A  |  B  |  -  |
     354 |  -   |  -   |  -   |  -   |  -   |  -   |  -   |  -   |  -  |  A  |  B  |  -  |
     355 |  -   |  -   |  -   |  -   |  -   |  -   |  -   |  -   |  -  |  A  |  B  |  -  |
     356 |  -   |  -   |  -   |  -   |  -   |  -   |  -   |  -   |  -  |  A  |  B  |  -  |
     357 |  -   |  -   |  -   |  -   |  -   |  -   |  -   |  -   |  -  |  A  |  B  |  -  |
     358 |  -   |  -   |  -   |  -   |  -   |  -   |  -   |  -   |  -  |  A  |  B  |  -  |
     359 |  -   |  -   |  -   |  -   |  -   |  -   |  -   |  -   |  -  |  A  |  B  |  -  |
     360 |  -   |  -   |  -   |  -   |  -   |  -   |  -   |  -   |  -  |  A  |  B  |  -  |
     361 |  -   |  -   |  -   |  -   |  -   |  -   |  -   |  -   |  -  |  A  |  B  |  -  |
     362 |  -   |  -   |  -   |  -   |  -   |  -   |  -   |  -   |  -  |  A  |  B  |  -  |
     363 |  -   |  -   |  -   |  -   |  -   |  -   |  -   |  -   |  -  |  A  |  B  |  -  |
     364 |  -   |  -   |  -   |  -   |  -   |  -   |  -   |  -   |  -  |  A  |  B  |  -  |
     365 |  -   |  -   |  -   |  -   |  -   |  -   |  -   |  -   |  -  |  A  |  B  |  -  |
     366 |  -   |  -   |  -   |  -   |  -   |  -   |  -   |  -   |  -  |  A  |  B  |  -  |
     367 |  -   |  -   |  -   |  -   |  -   |  -   |  -   |  -   |  -  |  A  |  B  |  -  |
     368 |  -   |  -   |  -   |  -   |  -   |  -   |  -   |  -   |  -  |  A  |  B  |  -  |
     369 |  -   |  -   |  -   |  -   |  -   |  -   |  -   |  -   |  -  |  A  |  B  |  -  |
     370 |  -   |  -   |  -   |  -   |  -   |  -   |  -   |  -   |  -  |  A  |  B  |  -  |
     371 |  -   |  -   |  -   |  -   |  -   |  -   |  -   |  -   |  -  |  A  |  B  |  -  |
     372 |  -   |  -   |  -   |  -   |  -   |  -   |  -   |  -   |  -  |  A  |  B  |  -  |
     373 |  -   |  -   |  -   |  -   |  -   |  -   |  -   |  -   |  -  |  A  |  B  |  -  |
     374 |  -   |  -   |  -   |  -   |  -   |  -   |  -   |  -   |  -  |  A  |  B  |  -  |
     375 |  -   |  -   |  -   |  -   |  -   |  -   |  -   |  -   |  -  |  A  |  B  |  -  |
     376 |  -   |  -   |  -   |  -   |  -   |  -   |  -   |  -   |  -  |  A  |  B  |  -  |
     377 |  -   |  -   |  -   |  -   |  -   |  -   |  -   |  -   |  -  |  A  |  B  |  -  |
     378 |  -   |  -   |  -   |  -   |  -   |  -   |  -   |  -   |  -  |  A  |  B  |  -  |
     379 |  -   |  -   |  -   |  -   |  -   |  -   |  -   |  -   |  -  |  A  |  B  |  -  |
     380 |  -   |  -   |  -   |  -   |  -   |  -   |  -   |  -   |  -  |  A  |  B  |  -  |
     381 |  -   |  -   |  -   |  -   |  -   |  -   |  -   |  -   |  -  |  A  |  B  |  -  |
     382 |  -   |  -   |  -   |  -   |  -   |  -   |  -   |  -   |  -  |  A  |  B  |  -  |
     383 |  -   |  -   |  -   |  -   |  -   |  -   |  -   |  -   |  -  |  A  |  B  |  -  |
     384 |  A   |  -   |  B   |  -   |  -   |  -   |  -   |  -   |  -  |  -  |  -  |  -  |
     385 |  A   |  -   |  B   |  -   |  -   |  -   |  -   |  -   |  -  |  -  |  -  |  -  |
     386 |  A   |  -   |  B   |  -   |  -   |  -   |  -   |  -   |  -  |  -  |  -  |  -  |
     387 |  A   |  -   |  B   |  -   |  -   |  -   |  -   |  -   |  -  |  -  |  -  |  -  |
     388 |  A   |  -   |  B   |  -   |  -   |  -   |  -   |  -   |  -  |  -  |  -  |  -  |
     389 |  A   |  -   |  B   |  -   |  -   |  -   |  -   |  -   |  -  |  -  |  -  |  -  |
     390 |  A   |  -   |  B   |  -   |  -   |  -   |  -   |  -   |  -  |  -  |  -  |  -  |
     391 |  A   |  -   |  B   |  -   |  -   |  -   |  -   |  -   |  -  |  -  |  -  |  -  |
     392 |  A   |  -   |  B   |  -   |  -   |  -   |  -   |  -   |  -  |  -  |  -  |  -  |
     393 |  A   |  -   |  B   |  -   |  -   |  -   |  -   |  -   |  -  |  -  |  -  |  -  |
     394 |  A   |  -   |  B   |  -   |  -   |  -   |  -   |  -   |  -  |  -  |  -  |  -  |
     395 |  A   |  -   |  B   |  -   |  -   |  -   |  -   |  -   |  -  |  -  |  -  |  -  |
     396 |  A   |  -   |  B   |  -   |  -   |  -   |  -   |  -   |  -  |  -  |  -  |  -  |
     397 |  A   |  -   |  B   |  -   |  -   |  -   |  -   |  -   |  -  |  -  |  -  |  -  |
     398 |  A   |  -   |  B   |  -   |  -   |  -   |  -   |  -   |  -  |  -  |  -  |  -  |
     399 |  A   |  -   |  B   |  -   |  -   |  -   |  -   |  -   |  -  |  -  |  -  |  -  |
     400 |  A   |  -   |  B   |  -   |  -   |  -   |  -   |  -   |  -  |  -  |  -  |  -  |
     401 |  A   |  -   |  B   |  -   |  -   |  -   |  -   |  -   |  -  |  -  |  -  |  -  |
     402 |  A   |  -   |  B   |  -   |  -   |  -   |  -   |  -   |  -  |  -  |  -  |  -  |
     403 |  A   |  -   |  B   |  -   |  -   |  -   |  -   |  -   |  -  |  -  |  -  |  -  |
     404 |  A   |  -   |  B   |  -   |  -   |  -   |  -   |  -   |  -  |  -  |  -  |  -  |
     405 |  A   |  -   |  B   |  -   |  -   |  -   |  -   |  -   |  -  |  -  |  -  |  -  |
     406 |  A   |  -   |  B   |  -   |  -   |  -   |  -   |  -   |  -  |  -  |  -  |  -  |
     407 |  A   |  -   |  B   |  -   |  -   |  -   |  -   |  -   |  -  |  -  |  -  |  -  |
     408 |  A   |  -   |  B   |  -   |  -   |  -   |  -   |  -   |  -  |  -  |  -  |  -  |
     409 |  A   |  -   |  B   |  -   |  -   |  -   |  -   |  -   |  -  |  -  |  -  |  -  |
     410 |  A   |  -   |  B   |  -   |  -   |  -   |  -   |  -   |  -  |  -  |  -  |  -  |
     411 |  A   |  -   |  B   |  -   |  -   |  -   |  -   |  -   |  -  |  -  |  -  |  -  |
     412 |  A   |  -   |  B   |  -   |  -   |  -   |  -   |  -   |  -  |  -  |  -  |  -  |
     413 |  A   |  -   |  B   |  -   |  -   |  -   |  -   |  -   |  -  |  -  |  -  |  -  |
     414 |  A   |  -   |  B   |  -   |  -   |  -   |  -   |  -   |  -  |  -  |  -  |  -  |
     415 |  A   |  -   |  B   |  -   |  -   |  -   |  -   |  -   |  -  |  -  |  -  |  -  |
     416 |  A   |  -   |  B   |  -   |  -   |  -   |  -   |  -   |  -  |  -  |  -  |  -  |
     417 |  A   |  -   |  B   |  -   |  -   |  -   |  -   |  -   |  -  |  -  |  -  |  -  |
     418 |  A   |  -   |  B   |  -   |  -   |  -   |  -   |  -   |  -  |  -  |  -  |  -  |
     419 |  A   |  -   |  B   |  -   |  -   |  -   |  -   |  -   |  -  |  -  |  -  |  -  |
     420 |  A   |  -   |  B   |  -   |  -   |  -   |  -   |  -   |  -  |  -  |  -  |  -  |
     421 |  A   |  -   |  B   |  -   |  -   |  -   |  -   |  -   |  -  |  -  |  -  |  -  |
     422 |  A   |  -   |  B   |  -   |  -   |  -   |  -   |  -   |  -  |  -  |  -  |  -  |
     423 |  A   |  -   |  B   |  -   |  -   |  -   |  -   |  -   |  -  |  -  |  -  |  -  |
     424 |  A   |  -   |  B   |  -   |  -   |  -   |  -   |  -   |  -  |  -  |  -  |  -  |
     425 |  A   |  -   |  B   |  -   |  -   |  -   |  -   |  -   |  -  |  -  |  -  |  -  |
     426 |  A   |  -   |  B   |  -   |  -   |  -   |  -   |  -   |  -  |  -  |  -  |  -  |
     427 |  A   |  -   |  B   |  -   |  -   |  -   |  -   |  -   |  -  |  -  |  -  |  -  |
     428 |  A   |  -   |  B   |  -   |  -   |  -   |  -   |  -   |  -  |  -  |  -  |  -  |
     429 |  A   |  -   |  B   |  -   |  -   |  -   |  -   |  -   |  -  |  -  |  -  |  -  |
     430 |  A   |  -   |  B   |  -   |  -   |  -   |  -   |  -   |  -  |  -  |  -  |  -  |
     431 |  A   |  -   |  B   |  -   |  -   |  -   |  -   |  -   |  -  |  -  |  -  |  -  |
     432 |  A   |  -   |  B   |  -   |  -   |  -   |  -   |  -   |  -  |  -  |  -  |  -  |
     433 |  A   |  -   |  B   |  -   |  -   |  -   |  -   |  -   |  -  |  -  |  -  |  -  |
     434 |  A   |  -   |  B   |  -   |  -   |  -   |  -   |  -   |  -  |  -  |  -  |  -  |
     435 |  A   |  -   |  B   |  -   |  -   |  -   |  -   |  -   |  -  |  -  |  -  |  -  |
     436 |  A   |  -   |  B   |  -   |  -   |  -   |  -   |  -   |  -  |  -  |  -  |  -  |
     437 |  A   |  -   |  B   |  -   |  -   |  -   |  -   |  -   |  -  |  -  |  -  |  -  |
     438 |  A   |  -   |  B   |  -   |  -   |  -   |  -   |  -   |  -  |  -  |  -  |  -  |
     439 |  A   |  -   |  B   |  -   |  -   |  -   |  -   |  -   |  -  |  -  |  -  |  -  |
     440 |  A   |  -   |  B   |  -   |  -   |  -   |  -   |  -   |  -  |  -  |  -  |  -  |
     441 |  A   |  -   |  B   |  -   |  -   |  -   |  -   |  -   |  -  |  -  |  -  |  -  |
     442 |  A   |  -   |  B   |  -   |  -   |  -   |  -   |  -   |  -  |  -  |  -  |  -  |
     443 |  A   |  -   |  B   |  -   |  -   |  -   |  -   |  -   |  -  |  -  |  -  |  -  |
     444 |  A   |  -   |  B   |  -   |  -   |  -   |  -   |  -   |  -  |  -  |  -  |  -  |
     445 |  A   |  -   |  B   |  -   |  -   |  -   |  -   |  -   |  -  |  -  |  -  |  -  |
     446 |  A   |  -   |  B   |  -   |  -   |  -   |  -   |  -   |  -  |  -  |  -  |  -  |
     447 |  A   |  -   |  B   |  -   |  -   |  -   |  -   |  -   |  -  |  -  |  -  |  -  |
     448 |  -   |  -   |  -   |  -   |  A   |  -   |  B   |  -   |  -  |  -  |  -  |  -  |
     449 |  -   |  -   |  -   |  -   |  A   |  -   |  B   |  -   |  -  |  -  |  -  |  -  |
     450 |  -   |  -   |  -   |  -   |  A   |  -   |  B   |  -   |  -  |  -  |  -  |  -  |
     451 |  -   |  -   |  -   |  -   |  A   |  -   |  B   |  -   |  -  |  -  |  -  |  -  |
     452 |  -   |  -   |  -   |  -   |  A   |  -   |  B   |  -   |  -  |  -  |  -  |  -  |
     453 |  -   |  -   |  -   |  -   |  A   |  -   |  B   |  -   |  -  |  -  |  -  |  -  |
     454 |  -   |  -   |  -   |  -   |  A   |  -   |  B   |  -   |  -  |  -  |  -  |  -  |
     455 |  -   |  -   |  -   |  -   |  A   |  -   |  B   |  -   |  -  |  -  |  -  |  -  |
     456 |  -   |  -   |  -   |  -   |  A   |  -   |  B   |  -   |  -  |  -  |  -  |  -  |
     457 |  -   |  -   |  -   |  -   |  A   |  -   |  B   |  -   |  -  |  -  |  -  |  -  |
     458 |  -   |  -   |  -   |  -   |  A   |  -   |  B   |  -   |  -  |  -  |  -  |  -  |
     459 |  -   |  -   |  -   |  -   |  A   |  -   |  B   |  -   |  -  |  -  |  -  |  -  |
     460 |  -   |  -   |  -   |  -   |  A   |  -   |  B   |  -   |  -  |  -  |  -  |  -  |
     461 |  -   |  -   |  -   |  -   |  A   |  -   |  B   |  -   |  -  |  -  |  -  |  -  |
     462 |  -   |  -   |  -   |  -   |  A   |  -   |  B   |  -   |  -  |  -  |  -  |  -  |
     463 |  -   |  -   |  -   |  -   |  A   |  -   |  B   |  -   |  -  |  -  |  -  |  -  |
     464 |  -   |  -   |  -   |  -   |  A   |  -   |  B   |  -   |  -  |  -  |  -  |  -  |
     465 |  -   |  -   |  -   |  -   |  A   |  -   |  B   |  -   |  -  |  -  |  -  |  -  |
     466 |  -   |  -   |  -   |  -   |  A   |  -   |  B   |  -   |  -  |  -  |  -  |  -  |
     467 |  -   |  -   |  -   |  -   |  A   |  -   |  B   |  -   |  -  |  -  |  -  |  -  |
     468 |  -   |  -   |  -   |  -   |  A   |  -   |  B   |  -   |  -  |  -  |  -  |  -  |
     469 |  -   |  -   |  -   |  -   |  A   |  -   |  B   |  -   |  -  |  -  |  -  |  -  |
     470 |  -   |  -   |  -   |  -   |  A   |  -   |  B   |  -   |  -  |  -  |  -  |  -  |
     471 |  -   |  -   |  -   |  -   |  A   |  -   |  B   |  -   |  -  |  -  |  -  |  -  |
     472 |  -   |  -   |  -   |  -   |  A   |  -   |  B   |  -   |  -  |  -  |  -  |  -  |
     473 |  -   |  -   |  -   |  -   |  A   |  -   |  B   |  -   |  -  |  -  |  -  |  -  |
     474 |  -   |  -   |  -   |  -   |  A   |  -   |  B   |  -   |  -  |  -  |  -  |  -  |
     475 |  -   |  -   |  -   |  -   |  A   |  -   |  B   |  -   |  -  |  -  |  -  |  -  |
     476 |  -   |  -   |  -   |  -   |  A   |  -   |  B   |  -   |  -  |  -  |  -  |  -  |
     477 |  -   |  -   |  -   |  -   |  A   |  -   |  B   |  -   |  -  |  -  |  -  |  -  |
     478 |  -   |  -   |  -   |  -   |  A   |  -   |  B   |  -   |  -  |  -  |  -  |  -  |
     479 |  -   |  -   |  -   |  -   |  A   |  -   |  B   |  -   |  -  |  -  |  -  |  -  |
     480 |  -   |  -   |  -   |  -   |  A   |  -   |  B   |  -   |  -  |  -  |  -  |  -  |
     481 |  -   |  -   |  -   |  -   |  A   |  -   |  B   |  -   |  -  |  -  |  -  |  -  |
     482 |  -   |  -   |  -   |  -   |  A   |  -   |  B   |  -   |  -  |  -  |  -  |  -  |
     483 |  -   |  -   |  -   |  -   |  A   |  -   |  B   |  -   |  -  |  -  |  -  |  -  |
     484 |  -   |  -   |  -   |  -   |  A   |  -   |  B   |  -   |  -  |  -  |  -  |  -  |
     485 |  -   |  -   |  -   |  -   |  A   |  -   |  B   |  -   |  -  |  -  |  -  |  -  |
     486 |  -   |  -   |  -   |  -   |  A   |  -   |  B   |  -   |  -  |  -  |  -  |  -  |
     487 |  -   |  -   |  -   |  -   |  A   |  -   |  B   |  -   |  -  |  -  |  -  |  -  |
     488 |  -   |  -   |  -   |  -   |  A   |  -   |  B   |  -   |  -  |  -  |  -  |  -  |
     489 |  -   |  -   |  -   |  -   |  A   |  -   |  B   |  -   |  -  |  -  |  -  |  -  |
     490 |  -   |  -   |  -   |  -   |  A   |  -   |  B   |  -   |  -  |  -  |  -  |  -  |
     491 |  -   |  -   |  -   |  -   |  A   |  -   |  B   |  -   |  -  |  -  |  -  |  -  |
     492 |  -   |  -   |  -   |  -   |  A   |  -   |  B   |  -   |  -  |  -  |  -  |  -  |
     493 |  -   |  -   |  -   |  -   |  A   |  -   |  B   |  -   |  -  |  -  |  -  |  -  |
     494 |  -   |  -   |  -   |  -   |  A   |  -   |  B   |  -   |  -  |  -  |  -  |  -  |
     495 |  -   |  -   |  -   |  -   |  A   |  -   |  B   |  -   |  -  |  -  |  -  |  -  |
     496 |  -   |  -   |  -   |  -   |  A   |  -   |  B   |  -   |  -  |  -  |  -  |  -  |
     497 |  -   |  -   |  -   |  -   |  A   |  -   |  B   |  -   |  -  |  -  |  -  |  -  |
     498 |  -   |  -   |  -   |  -   |  A   |  -   |  B   |  -   |  -  |  -  |  -  |  -  |
     499 |  -   |  -   |  -   |  -   |  A   |  -   |  B   |  -   |  -  |  -  |  -  |  -  |

======================================================================
Example 5: Output-Stationary Loop Structure
======================================================================

Output-Stationary Dataflow for MatMul C[M,N] = A[M,K] x B[K,N]:

The key insight is that C tiles stay in PE accumulators throughout the
K-reduction loop. This eliminates intermediate C writebacks and maximizes
compute density.

Loop Structure:
    for ti = 0 to M/Ti:             // Output row tiles (outer)
      for tj = 0 to N/Tj:           // Output col tiles
        // C[ti,tj] accumulates in PE registers - NO WRITEBACK
        for tk = 0 to K/Tk:         // Reduction tiles (inner)
          DMA_LOAD A[ti,tk]         // Load A tile from external memory
          DMA_LOAD B[tk,tj]         // Load B tile from external memory
          BM_MOVE A[ti,tk] L3->L2   // Move to L2
          BM_MOVE B[tk,tj] L3->L2
          STR_ROWS A[ti,tk]         // Stream A rows to systolic array
          STR_COLS B[tk,tj]         // Stream B cols to systolic array
          // COMPUTE happens reactively when data arrives at PEs!
        STR_DRAIN C[ti,tj]          // Drain accumulated result
        DMA_STORE C[ti,tj]          // Store to external memory

Reuse Pattern:
  - A[ti,*] is reused across all tj (N/Tj times)
  - B[*,tj] is reused across all ti (M/Ti times)
  - C[ti,tj] accumulates K/Tk partial products before writeback

This is why output-stationary excels when:
  - K is large (many accumulations amortize C writeback)
  - M and N are balanced (good reuse of both A and B)

Generated program for C[32,32] = A[32,64] x B[64,32]:
Tiles: 2x2 output tiles, 4 reduction tiles
Shows 4 K-iterations per output tile accumulation.


Instruction Trace (first 60 instructions):
--------------------------------------------------------------------------------
   PC |                 Operation | Details
--------------------------------------------------------------------------------
    0 | DMA_LOAD A_tile[0,0]      | 1024 bytes
    1 | DMA_LOAD B_tile[0,0]      | 1024 bytes
    2 | BARRIER                   | sync all pending ops
    3 | BM_MOVE A_tile[0,0] L3→L2 | 16x16 elements
    4 | BM_MOVE B_tile[0,0] L3→L2 | 16x16 elements
    5 | BARRIER                   | sync all pending ops
    6 | STR_ROWS A_tile[0,0]      | 16x16 elements
    7 | STR_COLS B_tile[0,0]      | 16x16 elements
    8 | BARRIER                   | sync all pending ops
    9 | DMA_LOAD A_tile[0,1]      | 1024 bytes
   10 | DMA_LOAD B_tile[1,0]      | 1024 bytes
   11 | BARRIER                   | sync all pending ops
   12 | BM_MOVE A_tile[0,1] L3→L2 | 16x16 elements
   13 | BM_MOVE B_tile[1,0] L3→L2 | 16x16 elements
   14 | BARRIER                   | sync all pending ops
   15 | STR_ROWS A_tile[0,1]      | 16x16 elements
   16 | STR_COLS B_tile[1,0]      | 16x16 elements
   17 | BARRIER                   | sync all pending ops
   18 | DMA_LOAD A_tile[0,2]      | 1024 bytes
   19 | DMA_LOAD B_tile[2,0]      | 1024 bytes
   20 | BARRIER                   | sync all pending ops
   21 | BM_MOVE A_tile[0,2] L3→L2 | 16x16 elements
   22 | BM_MOVE B_tile[2,0] L3→L2 | 16x16 elements
   23 | BARRIER                   | sync all pending ops
   24 | STR_ROWS A_tile[0,2]      | 16x16 elements
   25 | STR_COLS B_tile[2,0]      | 16x16 elements
   26 | BARRIER                   | sync all pending ops
   27 | DMA_LOAD A_tile[0,3]      | 1024 bytes
   28 | DMA_LOAD B_tile[3,0]      | 1024 bytes
   29 | BARRIER                   | sync all pending ops
   30 | BM_MOVE A_tile[0,3] L3→L2 | 16x16 elements
   31 | BM_MOVE B_tile[3,0] L3→L2 | 16x16 elements
   32 | BARRIER                   | sync all pending ops
   33 | STR_ROWS A_tile[0,3]      | 16x16 elements
   34 | STR_COLS B_tile[3,0]      | 16x16 elements
   35 | BARRIER                   | sync all pending ops
   36 | STR_DRAIN C_tile[0,0]     | 16x16 elements
   37 | BARRIER                   | sync all pending ops
   38 | DMA_STORE C_tile[0,0]     | 1024 bytes
   39 | BARRIER                   | sync all pending ops
   40 | DMA_LOAD A_tile[0,0]      | 1024 bytes
   41 | DMA_LOAD B_tile[0,1]      | 1024 bytes
   42 | BARRIER                   | sync all pending ops
   43 | BM_MOVE A_tile[0,0] L3→L2 | 16x16 elements
   44 | BM_MOVE B_tile[0,1] L3→L2 | 16x16 elements
   45 | BARRIER                   | sync all pending ops
   46 | STR_ROWS A_tile[0,0]      | 16x16 elements
   47 | STR_COLS B_tile[0,1]      | 16x16 elements
   48 | BARRIER                   | sync all pending ops
   49 | DMA_LOAD A_tile[0,1]      | 1024 bytes
   50 | DMA_LOAD B_tile[1,1]      | 1024 bytes
   51 | BARRIER                   | sync all pending ops
   52 | BM_MOVE A_tile[0,1] L3→L2 | 16x16 elements
   53 | BM_MOVE B_tile[1,1] L3→L2 | 16x16 elements
   54 | BARRIER                   | sync all pending ops
   55 | STR_ROWS A_tile[0,1]      | 16x16 elements
   56 | STR_COLS B_tile[1,1]      | 16x16 elements
   57 | BARRIER                   | sync all pending ops
   58 | DMA_LOAD A_tile[0,2]      | 1024 bytes
   59 | DMA_LOAD B_tile[2,1]      | 1024 bytes
... (101 more instructions)
--------------------------------------------------------------------------------

======================================================================
Summary
======================================================================

The Data Movement ISA provides:

1. OPCODES for configuring data movement hardware:
   - DMA_LOAD_TILE / DMA_STORE_TILE: External memory <-> L3
   - BM_MOVE_TILE / BM_TRANSPOSE_TILE: L3 <-> L2 with transforms
   - STR_FEED_ROWS / STR_FEED_COLS: L2 -> L1 systolic feeding
   - STR_DRAIN_OUTPUT: L1 -> L2 result collection
   - BARRIER: Synchronization

2. PROGRAM BUILDER for automatic schedule generation:
   - OutputStationaryProgramBuilder: C stays in PEs
   - (Future) WeightStationaryProgramBuilder: B stays in PEs
   - (Future) InputStationaryProgramBuilder: A stays in PEs

3. PROGRAM EXECUTOR for hardware simulation:
   - Maps ISA instructions to hardware components
   - Cycle-accurate execution tracking
   - Performance metric collection

4. CONCURRENT EXECUTOR for true parallel execution:
   - Multiple DMA engines (one per memory channel)
   - Multiple BlockMovers and Streamers
   - Resource occupancy visualization
   - Timeline/Gantt chart generation

Next steps:
  - Implement weight-stationary and input-stationary builders
  - Add prefetching and advanced double-buffering
  - Connect to DFX compiler for end-to-end flow
